[ERROR] - ESRITranslator - Error [InvalidForOne]: <metadata> for-one clause: em:dateStamp(v:Metadata, v:Date) <mdDateSt>

[ERROR] - ESRITranslator - Error [InvalidForOne]: fragment[ObjectDescription] clause:  for-one clause: em:description (v:Subject, v:String) <enttypd>

[ERROR] - ESRITranslator - Error [InvalidForOne]: fragment[ObjectDescription] clause:  for-one clause: em:source (v:Subject, v:String) <enttypds>

[ERROR] - ESRITranslator - Error [InvalidForOne]: fragment[FieldDescription] clause:  for-one clause: em:source (v:Subject, v:String) <attrdefs>

[ERROR] - ESRITranslator - Error [InvalidForOne]: fragment[FieldDescription] clause:  for-one clause: em:source (v:Subject, v:String) <attrdefs>

[ERROR] - ESRITranslator - Error [InvalidForOne]: fragment[FieldDescription] clause:  for-one clause: em:source (v:Subject, v:String) <attrdefs>

[ERROR] - ESRITranslator - Error [InvalidForOne]: fragment[FieldDescription] clause:  for-one clause: em:definition (v:Subject, v:String) <attrdef>

[ERROR] - ESRITranslator - Error [InvalidForOne]: fragment[FieldDescription] clause:  for-one clause: em:source (v:Subject, v:String) <attrdefs>

[ERROR] - ESRITranslator - Error [InvalidForOne]: fragment[FieldDescription] clause:  for-one clause: em:source (v:Subject, v:String) <attrdefs>

[ERROR] - ESRITranslator - Error [InvalidForOne]: fragment[FieldDescription] clause:  for-one clause: em:source (v:Subject, v:String) <attrdefs>

[ERROR] - ESRITranslator - Error [InvalidForOne]: fragment[FieldDescription] clause:  for-one clause: em:source (v:Subject, v:String) <attrdefs>

[ERROR] - ESRITranslator - Error [InvalidForOne]: fragment[FieldDescription] clause:  for-one clause: em:source (v:Subject, v:String) <attrdefs>

[ERROR] - ESRITranslator - Error [InvalidForOne]: fragment[FieldDescription] clause:  for-one clause: em:source (v:Subject, v:String) <attrdefs>

[ERROR] - ESRITranslator - Error [InvalidForOne]: fragment[FieldDescription] clause:  for-one clause: em:source (v:Subject, v:String) <attrdefs>

[ERROR] - ESRITranslator - Error [InvalidForOne]: fragment[FieldDescription] clause:  for-one clause: em:source (v:Subject, v:String) <attrdefs>

[ERROR] - ESRITranslator - Error [InvalidForOne]: fragment[FieldDescription] clause:  for-one clause: em:source (v:Subject, v:String) <attrdefs>

[ERROR] - ESRITranslator - Error [InvalidForOne]: fragment[FieldDescription] clause:  for-one clause: em:source (v:Subject, v:String) <attrdefs>

[ERROR] - ESRITranslator - Error [InvalidForOne]: fragment[FieldDescription] clause:  for-one clause: em:source (v:Subject, v:String) <attrdefs>

[ERROR] - ESRITranslator - Error [InvalidForOne]: fragment[FieldDescription] clause:  for-one clause: em:source (v:Subject, v:String) <attrdefs>

[ERROR] - ESRITranslator - Error [InvalidForOne]: fragment[FieldDescription] clause:  for-one clause: em:source (v:Subject, v:String) <attrdefs>

[ERROR] - ESRITranslator - Error [InvalidForOne]: fragment[FieldDescription] clause:  for-one clause: em:source (v:Subject, v:String) <attrdefs>

[ERROR] - ESRITranslator - Error [InvalidForOne]: fragment[FieldDescription] clause:  for-one clause: em:source (v:Subject, v:String) <attrdefs>

[ERROR] - ESRITranslator - Error [InvalidForOne]: fragment[FieldDescription] clause:  for-one clause: em:source (v:Subject, v:String) <attrdefs>

[ERROR] - ESRITranslator - Error [InvalidForOne]: fragment[FieldDescription] clause:  for-one clause: em:source (v:Subject, v:String) <attrdefs>

[ERROR] - ESRITranslator - Error [InvalidForOne]: fragment[FieldDescription] clause:  for-one clause: em:source (v:Subject, v:String) <attrdefs>

[ERROR] - ESRITranslator - Error [InvalidForOne]: fragment[FieldDescription] clause:  for-one clause: em:source (v:Subject, v:String) <attrdefs>

[ERROR] - ESRITranslator - Error [InvalidForOne]: fragment[FieldDescription] clause:  for-one clause: em:source (v:Subject, v:String) <attrdefs>

[ERROR] - ESRITranslator - Error [InvalidForOne]: fragment[FieldDescription] clause:  for-one clause: em:source (v:Subject, v:String) <attrdefs>

[ERROR] - ESRITranslator - Error [InvalidForOne]: fragment[FieldDescription] clause:  for-one clause: em:source (v:Subject, v:String) <attrdefs>

[ERROR] - ESRITranslator - Error [InvalidForOne]: fragment[FieldDescription] clause:  for-one clause: em:source (v:Subject, v:String) <attrdefs>

[ERROR] - ESRITranslator - Error [InvalidForOne]: fragment[FieldDescription] clause:  for-one clause: em:source (v:Subject, v:String) <attrdefs>

[ERROR] - ESRITranslator - Error [InvalidForOne]: fragment[FieldDescription] clause:  for-one clause: em:source (v:Subject, v:String) <attrdefs>

[ERROR] - ESRITranslator - Error [InvalidForOne]: fragment[FieldDescription] clause:  for-one clause: em:source (v:Subject, v:String) <attrdefs>

[ERROR] - ESRITranslator - Error [InvalidForOne]: fragment[FieldDescription] clause:  for-one clause: em:source (v:Subject, v:String) <attrdefs>

[ERROR] - ESRITranslator - Error [InvalidForOne]: fragment[FieldDescription] clause:  for-one clause: em:source (v:Subject, v:String) <attrdefs>

[ERROR] - ESRITranslator - Error [InvalidForOne]: fragment[FieldDescription] clause:  for-one clause: em:source (v:Subject, v:String) <attrdefs>

[ERROR] - ESRITranslator - Error [InvalidForOne]: fragment[FieldDescription] clause:  for-one clause: em:source (v:Subject, v:String) <attrdefs>

[ERROR] - ESRITranslator - Error [InvalidForOne]: fragment[FieldDescription] clause:  for-one clause: em:source (v:Subject, v:String) <attrdefs>

[ERROR] - ESRITranslator - Error [InvalidForOne]: fragment[FieldDescription] clause:  for-one clause: em:source (v:Subject, v:String) <attrdefs>

[ERROR] - ESRITranslator - Error [InvalidForOne]: fragment[FieldDescription] clause:  for-one clause: em:source (v:Subject, v:String) <attrdefs>

[ERROR] - ESRITranslator - Error [InvalidForOne]: fragment[FieldDescription] clause:  for-one clause: em:source (v:Subject, v:String) <attrdefs>

[ERROR] - ESRITranslator - Error [InvalidForOne]: fragment[FieldDescription] clause:  for-one clause: em:source (v:Subject, v:String) <attrdefs>

[ERROR] - ESRITranslator - Error [InvalidForOne]: fragment[FieldDescription] clause:  for-one clause: em:source (v:Subject, v:String) <attrdefs>

[ERROR] - ESRITranslator - Error [InvalidForOne]: fragment[FieldDescription] clause:  for-one clause: em:source (v:Subject, v:String) <attrdefs>

[ERROR] - ESRITranslator - Error [InvalidForOne]: fragment[FieldDescription] clause:  for-one clause: em:source (v:Subject, v:String) <attrdefs>

[ERROR] - ESRITranslator - Error [InvalidForOne]: fragment[FieldDescription] clause:  for-one clause: em:source (v:Subject, v:String) <attrdefs>

[ERROR] - ESRITranslator - Error [InvalidForOne]: fragment[FieldDescription] clause:  for-one clause: em:source (v:Subject, v:String) <attrdefs>

[ERROR] - ESRITranslator - Error [InvalidForOne]: fragment[FieldDescription] clause:  for-one clause: em:source (v:Subject, v:String) <attrdefs>

[ERROR] - ESRITranslator - Error [InvalidForOne]: fragment[FieldDescription] clause:  for-one clause: em:source (v:Subject, v:String) <attrdefs>

[ERROR] - ESRITranslator - Error [InvalidForOne]: fragment[FieldDescription] clause:  for-one clause: em:source (v:Subject, v:String) <attrdefs>

[ERROR] - ESRITranslator - Error [InvalidForOne]: fragment[FieldDescription] clause:  for-one clause: em:source (v:Subject, v:String) <attrdefs>

[ERROR] - ESRITranslator - Error [InvalidForOne]: fragment[FieldDescription] clause:  for-one clause: em:source (v:Subject, v:String) <attrdefs>

[ERROR] - ESRITranslator - Error [InvalidForOne]: fragment[FieldDescription] clause:  for-one clause: em:source (v:Subject, v:String) <attrdefs>

[ERROR] - ESRITranslator - Error [InvalidForOne]: fragment[FieldDescription] clause:  for-one clause: em:source (v:Subject, v:String) <attrdefs>

[ERROR] - ESRITranslator - Error [InvalidForOne]: fragment[FieldDescription] clause:  for-one clause: em:source (v:Subject, v:String) <attrdefs>

[ERROR] - ESRITranslator - Error [InvalidForOne]: fragment[FieldDescription] clause:  for-one clause: em:source (v:Subject, v:String) <attrdefs>

[ERROR] - ESRITranslator - Error [InvalidForOne]: fragment[FieldDescription] clause:  for-one clause: em:source (v:Subject, v:String) <attrdefs>

[ERROR] - ESRITranslator - Error [InvalidForOne]: fragment[FieldDescription] clause:  for-one clause: em:source (v:Subject, v:String) <attrdefs>

[ERROR] - ESRITranslator - Error [InvalidForOne]: fragment[FieldDescription] clause:  for-one clause: em:source (v:Subject, v:String) <attrdefs>

[ERROR] - ESRITranslator - Error [InvalidForOne]: fragment[FieldDescription] clause:  for-one clause: em:source (v:Subject, v:String) <attrdefs>

[ERROR] - ESRITranslator - Error [InvalidForOne]: fragment[FieldDescription] clause:  for-one clause: em:source (v:Subject, v:String) <attrdefs>

[ERROR] - ESRITranslator - Error [InvalidForOne]: fragment[FieldDescription] clause:  for-one clause: em:source (v:Subject, v:String) <attrdefs>

[ERROR] - ESRITranslator - Error [InvalidForOne]: fragment[FieldDescription] clause:  for-one clause: em:source (v:Subject, v:String) <attrdefs>

[ERROR] - ESRITranslator - Error [InvalidForOne]: fragment[FieldDescription] clause:  for-one clause: em:source (v:Subject, v:String) <attrdefs>

[ERROR] - ESRITranslator - Error [InvalidForOne]: fragment[FieldDescription] clause:  for-one clause: em:source (v:Subject, v:String) <attrdefs>

[ERROR] - ESRITranslator - Error [InvalidForOne]: fragment[FieldDescription] clause:  for-one clause: em:definition (v:Subject, v:String) <attrdef>

[ERROR] - ESRITranslator - Error [InvalidForOne]: fragment[FieldDescription] clause:  for-one clause: em:source (v:Subject, v:String) <attrdefs>

[ERROR] - ESRITranslator - Error [InvalidForOne]: fragment[FieldDescription] clause:  for-one clause: em:source (v:Subject, v:String) <attrdefs>

[ERROR] - ESRITranslator - Error [InvalidForOne]: fragment[FieldDescription] clause:  for-one clause: em:source (v:Subject, v:String) <attrdefs>

[ERROR] - ESRITranslator - Error [InvalidForOne]: fragment[FieldDescription] clause:  for-one clause: em:source (v:Subject, v:String) <attrdefs>

[ERROR] - ESRITranslator - Error [InvalidForOne]: fragment[FieldDescription] clause:  for-one clause: em:source (v:Subject, v:String) <attrdefs>

[ERROR] - ESRITranslator - Error [InvalidForOne]: fragment[FieldDescription] clause:  for-one clause: em:source (v:Subject, v:String) <attrdefs>

[ERROR] - ESRITranslator - Error [InvalidForOne]: fragment[FieldDescription] clause:  for-one clause: em:source (v:Subject, v:String) <attrdefs>

[ERROR] - ESRITranslator - Error [InvalidForOne]: fragment[FieldDescription] clause:  for-one clause: em:source (v:Subject, v:String) <attrdefs>

[ERROR] - ESRITranslator - Error [InvalidForOne]: fragment[FieldDescription] clause:  for-one clause: em:source (v:Subject, v:String) <attrdefs>

[ERROR] - ESRITranslator - Error [InvalidForOne]: fragment[FieldDescription] clause:  for-one clause: em:source (v:Subject, v:String) <attrdefs>

[ERROR] - ESRITranslator - Error [InvalidForOne]: fragment[FieldDescription] clause:  for-one clause: em:source (v:Subject, v:String) <attrdefs>

[ERROR] - ESRITranslator - Error [InvalidForOne]: fragment[FieldDescription] clause:  for-one clause: em:source (v:Subject, v:String) <attrdefs>

[ERROR] - ESRITranslator - Error [InvalidForOne]: fragment[FieldDescription] clause:  for-one clause: em:source (v:Subject, v:String) <attrdefs>

[ERROR] - ESRITranslator - Error [InvalidForOne]: fragment[FieldDescription] clause:  for-one clause: em:source (v:Subject, v:String) <attrdefs>

[ERROR] - ESRITranslator - Error [InvalidForOne]: fragment[FieldDescription] clause:  for-one clause: em:source (v:Subject, v:String) <attrdefs>

[ERROR] - ESRITranslator - Error [InvalidForOne]: fragment[FieldDescription] clause:  for-one clause: em:source (v:Subject, v:String) <attrdefs>

[ERROR] - ESRITranslator - Error [InvalidForOne]: fragment[FieldDescription] clause:  for-one clause: em:source (v:Subject, v:String) <attrdefs>

[ERROR] - ESRITranslator - Error [InvalidForOne]: fragment[FieldDescription] clause:  for-one clause: em:source (v:Subject, v:String) <attrdefs>

[ERROR] - ESRITranslator - Error [InvalidForOne]: fragment[FieldDescription] clause:  for-one clause: em:source (v:Subject, v:String) <attrdefs>

[ERROR] - ESRITranslator - Error [InvalidForOne]: fragment[FieldDescription] clause:  for-one clause: em:source (v:Subject, v:String) <attrdefs>

[ERROR] - ESRITranslator - Error [InvalidForOne]: fragment[FieldDescription] clause:  for-one clause: em:source (v:Subject, v:String) <attrdefs>

[ERROR] - ESRITranslator - Error [InvalidForOne]: fragment[FieldDescription] clause:  for-one clause: em:source (v:Subject, v:String) <attrdefs>

[ERROR] - ESRITranslator - Error [InvalidForOne]: fragment[FieldDescription] clause:  for-one clause: em:source (v:Subject, v:String) <attrdefs>

[ERROR] - ESRITranslator - Error [InvalidForOne]: fragment[FieldDescription] clause:  for-one clause: em:source (v:Subject, v:String) <attrdefs>

[ERROR] - ESRITranslator - Error [InvalidForOne]: fragment[FieldDescription] clause:  for-one clause: em:source (v:Subject, v:String) <attrdefs>

[ERROR] - ESRITranslator - Error [InvalidForOne]: fragment[FieldDescription] clause:  for-one clause: em:source (v:Subject, v:String) <attrdefs>

[ERROR] - ESRITranslator - Error [InvalidForOne]: fragment[FieldDescription] clause:  for-one clause: em:source (v:Subject, v:String) <attrdefs>

[ERROR] - ESRITranslator - Error [InvalidForOne]: fragment[FieldDescription] clause:  for-one clause: em:source (v:Subject, v:String) <attrdefs>

[ERROR] - ESRITranslator - Error [InvalidForOne]: fragment[FieldDescription] clause:  for-one clause: em:source (v:Subject, v:String) <attrdefs>

[ERROR] - ESRITranslator - Error [InvalidForOne]: fragment[FieldDescription] clause:  for-one clause: em:source (v:Subject, v:String) <attrdefs>

[ERROR] - ESRITranslator - Error [InvalidForOne]: fragment[FieldDescription] clause:  for-one clause: em:source (v:Subject, v:String) <attrdefs>

[ERROR] - ESRITranslator - Error [InvalidForOne]: fragment[FieldDescription] clause:  for-one clause: em:source (v:Subject, v:String) <attrdefs>

[ERROR] - ESRITranslator - Error [InvalidForOne]: fragment[FieldDescription] clause:  for-one clause: em:source (v:Subject, v:String) <attrdefs>

[ERROR] - ESRITranslator - Error [InvalidForOne]: fragment[FieldDescription] clause:  for-one clause: em:source (v:Subject, v:String) <attrdefs>

[ERROR] - ESRITranslator - Error [InvalidForOne]: fragment[FieldDescription] clause:  for-one clause: em:source (v:Subject, v:String) <attrdefs>

[ERROR] - ESRITranslator - Error [InvalidForOne]: fragment[FieldDescription] clause:  for-one clause: em:source (v:Subject, v:String) <attrdefs>

[ERROR] - ESRITranslator - Error [InvalidForOne]: fragment[FieldDescription] clause:  for-one clause: em:source (v:Subject, v:String) <attrdefs>

[ERROR] - ESRITranslator - Error [InvalidForOne]: fragment[FieldDescription] clause:  for-one clause: em:source (v:Subject, v:String) <attrdefs>

[ERROR] - ESRITranslator - Error [InvalidForOne]: fragment[FieldDescription] clause:  for-one clause: em:source (v:Subject, v:String) <attrdefs>

[ERROR] - ESRITranslator - Error [InvalidForOne]: fragment[FieldDescription] clause:  for-one clause: em:source (v:Subject, v:String) <attrdefs>

[ERROR] - ESRITranslator - Error [InvalidForOne]: fragment[FieldDescription] clause:  for-one clause: em:source (v:Subject, v:String) <attrdefs>

[ERROR] - ESRITranslator - Error [InvalidForOne]: fragment[FieldDescription] clause:  for-one clause: em:source (v:Subject, v:String) <attrdefs>

[ERROR] - ESRITranslator - Error [InvalidForOne]: fragment[FieldDescription] clause:  for-one clause: em:source (v:Subject, v:String) <attrdefs>

